<?xml version="1.0" encoding="UTF-8"?>
<coverage generated="1588019047476" clover="3.2.0">
  <project timestamp="1588019047477" name="All files">
    <metrics statements="263" coveredstatements="240" conditionals="141" coveredconditionals="115" methods="89" coveredmethods="85" elements="493" coveredelements="440" complexity="0" loc="263" ncloc="263" packages="4" files="5" classes="5"/>
    <package name="approvalHistory">
      <metrics statements="136" coveredstatements="131" conditionals="56" coveredconditionals="51" methods="46" coveredmethods="44"/>
      <file name="approvalHistory.js" path="/Users/lmontero/Documents/GitHub/approvalHistory/approva history lwc/force-app/main/default/lwc/approvalHistory/approvalHistory.js">
        <metrics statements="101" coveredstatements="98" conditionals="52" coveredconditionals="48" methods="33" coveredmethods="31"/>
        <line num="7" count="5" type="stmt"/>
        <line num="21" count="5" type="stmt"/>
        <line num="24" count="5" type="stmt"/>
        <line num="25" count="5" type="stmt"/>
        <line num="27" count="5" type="stmt"/>
        <line num="62" count="288" type="stmt"/>
        <line num="82" count="2" type="stmt"/>
        <line num="89" count="61" type="stmt"/>
        <line num="97" count="61" type="cond" truecount="5" falsecount="0"/>
        <line num="106" count="85" type="cond" truecount="4" falsecount="0"/>
        <line num="107" count="28" type="stmt"/>
        <line num="108" count="57" type="stmt"/>
        <line num="112" count="85" type="cond" truecount="4" falsecount="0"/>
        <line num="113" count="28" type="stmt"/>
        <line num="114" count="57" type="stmt"/>
        <line num="119" count="85" type="stmt"/>
        <line num="129" count="85" type="stmt"/>
        <line num="138" count="12" type="stmt"/>
        <line num="142" count="170" type="cond" truecount="4" falsecount="0"/>
        <line num="149" count="48" type="stmt"/>
        <line num="150" count="48" type="cond" truecount="2" falsecount="0"/>
        <line num="151" count="23" type="stmt"/>
        <line num="152" count="25" type="cond" truecount="2" falsecount="0"/>
        <line num="153" count="1" type="stmt"/>
        <line num="158" count="7" type="stmt"/>
        <line num="163" count="0" type="stmt"/>
        <line num="169" count="4" type="stmt"/>
        <line num="170" count="4" type="stmt"/>
        <line num="174" count="2" type="stmt"/>
        <line num="175" count="2" type="stmt"/>
        <line num="179" count="4" type="stmt"/>
        <line num="180" count="4" type="stmt"/>
        <line num="184" count="5" type="stmt"/>
        <line num="185" count="5" type="stmt"/>
        <line num="189" count="3" type="stmt"/>
        <line num="190" count="3" type="stmt"/>
        <line num="197" count="5" type="stmt"/>
        <line num="198" count="5" type="stmt"/>
        <line num="204" count="3" type="stmt"/>
        <line num="205" count="3" type="cond" truecount="2" falsecount="0"/>
        <line num="206" count="2" type="stmt"/>
        <line num="207" count="2" type="stmt"/>
        <line num="209" count="1" type="stmt"/>
        <line num="211" count="1" type="stmt"/>
        <line num="214" count="4" type="cond" truecount="2" falsecount="0"/>
        <line num="215" count="1" type="stmt"/>
        <line num="217" count="1" type="stmt"/>
        <line num="218" count="1" type="stmt"/>
        <line num="219" count="1" type="stmt"/>
        <line num="226" count="2" type="stmt"/>
        <line num="227" count="2" type="stmt"/>
        <line num="229" count="1" type="stmt"/>
        <line num="230" count="1" type="stmt"/>
        <line num="231" count="1" type="stmt"/>
        <line num="234" count="2" type="stmt"/>
        <line num="235" count="1" type="stmt"/>
        <line num="242" count="13" type="stmt"/>
        <line num="243" count="13" type="stmt"/>
        <line num="250" count="7" type="stmt"/>
        <line num="251" count="7" type="cond" truecount="2" falsecount="0"/>
        <line num="252" count="4" type="stmt"/>
        <line num="253" count="4" type="stmt"/>
        <line num="255" count="3" type="stmt"/>
        <line num="257" count="3" type="stmt"/>
        <line num="260" count="10" type="cond" truecount="2" falsecount="0"/>
        <line num="261" count="4" type="stmt"/>
        <line num="263" count="2" type="stmt"/>
        <line num="264" count="2" type="stmt"/>
        <line num="265" count="2" type="stmt"/>
        <line num="271" count="1" type="stmt"/>
        <line num="272" count="1" type="stmt"/>
        <line num="278" count="20" type="stmt"/>
        <line num="280" count="4" type="stmt"/>
        <line num="281" count="4" type="stmt"/>
        <line num="282" count="4" type="stmt"/>
        <line num="284" count="1" type="cond" truecount="1" falsecount="1"/>
        <line num="285" count="1" type="stmt"/>
        <line num="286" count="1" type="stmt"/>
        <line num="288" count="1" type="stmt"/>
        <line num="290" count="2" type="cond" truecount="1" falsecount="1"/>
        <line num="291" count="2" type="stmt"/>
        <line num="292" count="2" type="stmt"/>
        <line num="294" count="2" type="stmt"/>
        <line num="296" count="5" type="stmt"/>
        <line num="297" count="5" type="stmt"/>
        <line num="298" count="5" type="stmt"/>
        <line num="300" count="2" type="cond" truecount="1" falsecount="1"/>
        <line num="301" count="2" type="stmt"/>
        <line num="302" count="2" type="stmt"/>
        <line num="304" count="2" type="stmt"/>
        <line num="306" count="3" type="stmt"/>
        <line num="307" count="3" type="stmt"/>
        <line num="308" count="3" type="stmt"/>
        <line num="310" count="3" type="stmt"/>
        <line num="311" count="3" type="stmt"/>
        <line num="312" count="3" type="stmt"/>
        <line num="314" count="0" type="stmt"/>
        <line num="320" count="5" type="stmt"/>
        <line num="322" count="4" type="stmt"/>
        <line num="325" count="3" type="stmt"/>
        <line num="330" count="0" type="stmt"/>
      </file>
      <file name="approvalHistoryUtil.js" path="/Users/lmontero/Documents/GitHub/approvalHistory/approva history lwc/force-app/main/default/lwc/approvalHistory/approvalHistoryUtil.js">
        <metrics statements="35" coveredstatements="33" conditionals="4" coveredconditionals="3" methods="13" coveredmethods="13"/>
        <line num="1" count="5" type="stmt"/>
        <line num="2" count="5" type="stmt"/>
        <line num="6" count="5" type="stmt"/>
        <line num="15" count="5" type="stmt"/>
        <line num="165" count="5" type="stmt"/>
        <line num="170" count="8" type="stmt"/>
        <line num="171" count="8" type="stmt"/>
        <line num="172" count="8" type="stmt"/>
        <line num="177" count="21" type="stmt"/>
        <line num="178" count="21" type="stmt"/>
        <line num="182" count="23" type="stmt"/>
        <line num="183" count="23" type="stmt"/>
        <line num="188" count="15" type="stmt"/>
        <line num="192" count="5" type="stmt"/>
        <line num="193" count="5" type="stmt"/>
        <line num="199" count="5" type="stmt"/>
        <line num="200" count="5" type="cond" truecount="1" falsecount="1"/>
        <line num="201" count="0" type="stmt"/>
        <line num="202" count="0" type="stmt"/>
        <line num="204" count="5" type="stmt"/>
        <line num="205" count="5" type="stmt"/>
        <line num="211" count="5" type="stmt"/>
        <line num="217" count="10" type="stmt"/>
        <line num="218" count="10" type="stmt"/>
        <line num="219" count="10" type="stmt"/>
        <line num="220" count="10" type="stmt"/>
        <line num="221" count="10" type="stmt"/>
        <line num="226" count="16" type="stmt"/>
        <line num="233" count="15" type="stmt"/>
        <line num="237" count="1" type="stmt"/>
        <line num="242" count="1" type="stmt"/>
        <line num="246" count="3" type="stmt"/>
        <line num="247" count="3" type="stmt"/>
        <line num="248" count="3" type="stmt"/>
        <line num="250" count="3" type="stmt"/>
      </file>
    </package>
    <package name="lookup">
      <metrics statements="112" coveredstatements="97" conditionals="77" coveredconditionals="60" methods="35" coveredmethods="34"/>
      <file name="lookup.js" path="/Users/lmontero/Documents/GitHub/approvalHistory/approva history lwc/force-app/main/default/lwc/lookup/lookup.js">
        <metrics statements="112" coveredstatements="97" conditionals="77" coveredconditionals="60" methods="35" coveredmethods="34"/>
        <line num="3" count="10" type="stmt"/>
        <line num="4" count="10" type="stmt"/>
        <line num="6" count="400" type="stmt"/>
        <line num="28" count="16" type="cond" truecount="2" falsecount="0"/>
        <line num="33" count="3" type="stmt"/>
        <line num="39" count="10" type="stmt"/>
        <line num="41" count="10" type="stmt"/>
        <line num="43" count="8" type="stmt"/>
        <line num="45" count="14" type="cond" truecount="1" falsecount="1"/>
        <line num="46" count="0" type="stmt"/>
        <line num="47" count="0" type="stmt"/>
        <line num="50" count="0" type="stmt"/>
        <line num="54" count="14" type="cond" truecount="1" falsecount="1"/>
        <line num="55" count="0" type="stmt"/>
        <line num="56" count="0" type="stmt"/>
        <line num="64" count="14" type="stmt"/>
        <line num="70" count="12" type="stmt"/>
        <line num="76" count="1" type="stmt"/>
        <line num="79" count="1" type="stmt"/>
        <line num="83" count="1" type="cond" truecount="1" falsecount="1"/>
        <line num="84" count="0" type="stmt"/>
        <line num="88" count="1" type="stmt"/>
        <line num="91" count="1" type="cond" truecount="1" falsecount="1"/>
        <line num="92" count="0" type="stmt"/>
        <line num="93" count="0" type="stmt"/>
        <line num="97" count="1" type="cond" truecount="1" falsecount="1"/>
        <line num="98" count="0" type="stmt"/>
        <line num="101" count="1" type="stmt"/>
        <line num="103" count="1" type="cond" truecount="1" falsecount="1"/>
        <line num="105" count="1" type="stmt"/>
        <line num="107" count="1" type="stmt"/>
        <line num="110" count="2" type="stmt"/>
        <line num="113" count="1" type="stmt"/>
        <line num="115" count="1" type="stmt"/>
        <line num="120" count="5" type="cond" truecount="2" falsecount="0"/>
        <line num="121" count="3" type="stmt"/>
        <line num="123" count="2" type="stmt"/>
        <line num="127" count="85" type="stmt"/>
        <line num="131" count="227" type="stmt"/>
        <line num="138" count="1" type="cond" truecount="1" falsecount="1"/>
        <line num="139" count="0" type="stmt"/>
        <line num="141" count="1" type="stmt"/>
        <line num="145" count="1" type="stmt"/>
        <line num="148" count="1" type="stmt"/>
        <line num="149" count="2" type="stmt"/>
        <line num="151" count="1" type="cond" truecount="1" falsecount="1"/>
        <line num="152" count="0" type="stmt"/>
        <line num="154" count="1" type="stmt"/>
        <line num="155" count="1" type="stmt"/>
        <line num="156" count="1" type="stmt"/>
        <line num="157" count="1" type="stmt"/>
        <line num="158" count="1" type="stmt"/>
        <line num="161" count="1" type="stmt"/>
        <line num="162" count="1" type="stmt"/>
        <line num="165" count="1" type="stmt"/>
        <line num="170" count="1" type="cond" truecount="1" falsecount="1"/>
        <line num="171" count="0" type="stmt"/>
        <line num="173" count="1" type="stmt"/>
        <line num="178" count="2" type="cond" truecount="2" falsecount="0"/>
        <line num="179" count="1" type="stmt"/>
        <line num="181" count="1" type="stmt"/>
        <line num="186" count="2" type="cond" truecount="2" falsecount="0"/>
        <line num="187" count="1" type="stmt"/>
        <line num="191" count="1" type="stmt"/>
        <line num="192" count="0" type="stmt"/>
        <line num="193" count="0" type="stmt"/>
        <line num="198" count="1" type="stmt"/>
        <line num="199" count="2" type="stmt"/>
        <line num="200" count="1" type="stmt"/>
        <line num="202" count="1" type="stmt"/>
        <line num="206" count="1" type="stmt"/>
        <line num="207" count="1" type="stmt"/>
        <line num="209" count="1" type="stmt"/>
        <line num="215" count="34" type="stmt"/>
        <line num="216" count="34" type="cond" truecount="4" falsecount="0"/>
        <line num="217" count="1" type="stmt"/>
        <line num="219" count="34" type="cond" truecount="2" falsecount="0"/>
        <line num="220" count="2" type="stmt"/>
        <line num="222" count="34" type="stmt"/>
        <line num="226" count="34" type="stmt"/>
        <line num="228" count="34" type="cond" truecount="1" falsecount="1"/>
        <line num="233" count="0" type="stmt"/>
        <line num="235" count="34" type="stmt"/>
        <line num="239" count="34" type="stmt"/>
        <line num="240" count="34" type="cond" truecount="2" falsecount="0"/>
        <line num="244" count="2" type="stmt"/>
        <line num="246" count="34" type="cond" truecount="2" falsecount="0"/>
        <line num="247" count="25" type="stmt"/>
        <line num="251" count="34" type="stmt"/>
        <line num="255" count="34" type="stmt"/>
        <line num="256" count="34" type="cond" truecount="2" falsecount="0"/>
        <line num="257" count="9" type="stmt"/>
        <line num="259" count="25" type="cond" truecount="2" falsecount="0"/>
        <line num="263" count="34" type="stmt"/>
        <line num="267" count="34" type="stmt"/>
        <line num="268" count="34" type="cond" truecount="2" falsecount="0"/>
        <line num="269" count="25" type="cond" truecount="2" falsecount="0"/>
        <line num="271" count="34" type="stmt"/>
        <line num="275" count="25" type="stmt"/>
        <line num="282" count="25" type="cond" truecount="2" falsecount="0"/>
        <line num="286" count="25" type="stmt"/>
        <line num="293" count="34" type="cond" truecount="2" falsecount="0"/>
        <line num="294" count="9" type="stmt"/>
        <line num="296" count="25" type="cond" truecount="2" falsecount="0"/>
        <line num="300" count="34" type="cond" truecount="2" falsecount="0"/>
        <line num="301" count="9" type="stmt"/>
        <line num="304" count="25" type="cond" truecount="2" falsecount="0"/>
        <line num="308" count="34" type="stmt"/>
        <line num="317" count="34" type="cond" truecount="2" falsecount="0"/>
        <line num="318" count="9" type="stmt"/>
        <line num="320" count="25" type="stmt"/>
        <line num="324" count="84" type="stmt"/>
      </file>
    </package>
    <package name="modal">
      <metrics statements="14" coveredstatements="12" conditionals="8" coveredconditionals="4" methods="8" coveredmethods="7"/>
      <file name="modal.js" path="/Users/lmontero/Documents/GitHub/approvalHistory/approva history lwc/force-app/main/default/lwc/modal/modal.js">
        <metrics statements="14" coveredstatements="12" conditionals="8" coveredconditionals="4" methods="8" coveredmethods="7"/>
        <line num="3" count="6" type="stmt"/>
        <line num="5" count="116" type="stmt"/>
        <line num="9" count="1" type="stmt"/>
        <line num="10" count="1" type="stmt"/>
        <line num="13" count="1" type="stmt"/>
        <line num="20" count="27" type="stmt"/>
        <line num="24" count="23" type="stmt"/>
        <line num="29" count="1" type="stmt"/>
        <line num="30" count="1" type="stmt"/>
        <line num="31" count="1" type="stmt"/>
        <line num="35" count="0" type="stmt"/>
        <line num="36" count="0" type="cond" truecount="0" falsecount="4"/>
        <line num="40" count="44" type="stmt"/>
        <line num="41" count="44" type="cond" truecount="4" falsecount="0"/>
      </file>
    </package>
    <package name="testImplementation">
      <metrics statements="1" coveredstatements="0" conditionals="0" coveredconditionals="0" methods="0" coveredmethods="0"/>
      <file name="testImplementation.js" path="/Users/lmontero/Documents/GitHub/approvalHistory/approva history lwc/force-app/main/default/lwc/testImplementation/testImplementation.js">
        <metrics statements="1" coveredstatements="0" conditionals="0" coveredconditionals="0" methods="0" coveredmethods="0"/>
        <line num="3" count="0" type="stmt"/>
      </file>
    </package>
  </project>
</coverage>
