{"/Users/lmontero/Documents/GitHub/approvalHistory/approva history lwc/force-app/main/default/lwc/approvalHistory/approvalHistory.js": {"path":"/Users/lmontero/Documents/GitHub/approvalHistory/approva history lwc/force-app/main/default/lwc/approvalHistory/approvalHistory.js","statementMap":{"0":{"start":{"line":7,"column":0},"end":{"line":7,"column":null}},"1":{"start":{"line":21,"column":0},"end":{"line":21,"column":null}},"2":{"start":{"line":24,"column":0},"end":{"line":24,"column":6}},"3":{"start":{"line":25,"column":0},"end":{"line":25,"column":6}},"4":{"start":{"line":27,"column":16},"end":{"line":27,"column":null}},"5":{"start":{"line":62,"column":62},"end":{"line":62,"column":null}},"6":{"start":{"line":82,"column":4},"end":{"line":82,"column":11}},"7":{"start":{"line":89,"column":4},"end":{"line":89,"column":null}},"8":{"start":{"line":97,"column":4},"end":{"line":97,"column":11}},"9":{"start":{"line":106,"column":4},"end":{"line":107,"column":13}},"10":{"start":{"line":107,"column":6},"end":{"line":107,"column":13}},"11":{"start":{"line":108,"column":4},"end":{"line":108,"column":null}},"12":{"start":{"line":112,"column":4},"end":{"line":113,"column":13}},"13":{"start":{"line":113,"column":6},"end":{"line":113,"column":13}},"14":{"start":{"line":114,"column":4},"end":{"line":114,"column":null}},"15":{"start":{"line":119,"column":4},"end":{"line":119,"column":null}},"16":{"start":{"line":129,"column":4},"end":{"line":129,"column":null}},"17":{"start":{"line":138,"column":4},"end":{"line":138,"column":11}},"18":{"start":{"line":142,"column":4},"end":{"line":142,"column":11}},"19":{"start":{"line":149,"column":4},"end":{"line":149,"column":null}},"20":{"start":{"line":150,"column":4},"end":{"line":154,"column":null}},"21":{"start":{"line":151,"column":6},"end":{"line":151,"column":29}},"22":{"start":{"line":152,"column":11},"end":{"line":154,"column":null}},"23":{"start":{"line":153,"column":6},"end":{"line":153,"column":28}},"24":{"start":{"line":158,"column":4},"end":{"line":158,"column":15}},"25":{"start":{"line":163,"column":4},"end":{"line":163,"column":null}},"26":{"start":{"line":169,"column":4},"end":{"line":169,"column":null}},"27":{"start":{"line":170,"column":4},"end":{"line":170,"column":29}},"28":{"start":{"line":174,"column":4},"end":{"line":174,"column":null}},"29":{"start":{"line":175,"column":4},"end":{"line":175,"column":29}},"30":{"start":{"line":179,"column":4},"end":{"line":179,"column":null}},"31":{"start":{"line":180,"column":4},"end":{"line":180,"column":29}},"32":{"start":{"line":184,"column":4},"end":{"line":184,"column":null}},"33":{"start":{"line":185,"column":4},"end":{"line":185,"column":29}},"34":{"start":{"line":189,"column":4},"end":{"line":189,"column":null}},"35":{"start":{"line":190,"column":4},"end":{"line":190,"column":29}},"36":{"start":{"line":197,"column":4},"end":{"line":197,"column":null}},"37":{"start":{"line":198,"column":4},"end":{"line":198,"column":25}},"38":{"start":{"line":204,"column":25},"end":{"line":204,"column":29}},"39":{"start":{"line":205,"column":8},"end":{"line":210,"column":null}},"40":{"start":{"line":206,"column":10},"end":{"line":206,"column":22}},"41":{"start":{"line":207,"column":10},"end":{"line":207,"column":null}},"42":{"start":{"line":209,"column":10},"end":{"line":209,"column":22}},"43":{"start":{"line":211,"column":8},"end":{"line":211,"column":null}},"44":{"start":{"line":214,"column":8},"end":{"line":220,"column":null}},"45":{"start":{"line":215,"column":10},"end":{"line":215,"column":34}},"46":{"start":{"line":217,"column":29},"end":{"line":217,"column":49}},"47":{"start":{"line":218,"column":10},"end":{"line":218,"column":22}},"48":{"start":{"line":219,"column":10},"end":{"line":219,"column":null}},"49":{"start":{"line":226,"column":4},"end":{"line":226,"column":null}},"50":{"start":{"line":227,"column":4},"end":{"line":227,"column":16}},"51":{"start":{"line":229,"column":8},"end":{"line":229,"column":20}},"52":{"start":{"line":230,"column":8},"end":{"line":230,"column":null}},"53":{"start":{"line":231,"column":8},"end":{"line":231,"column":null}},"54":{"start":{"line":234,"column":8},"end":{"line":234,"column":20}},"55":{"start":{"line":235,"column":8},"end":{"line":235,"column":null}},"56":{"start":{"line":242,"column":4},"end":{"line":242,"column":null}},"57":{"start":{"line":243,"column":4},"end":{"line":243,"column":15}},"58":{"start":{"line":250,"column":25},"end":{"line":250,"column":29}},"59":{"start":{"line":251,"column":8},"end":{"line":256,"column":null}},"60":{"start":{"line":252,"column":10},"end":{"line":252,"column":22}},"61":{"start":{"line":253,"column":10},"end":{"line":253,"column":null}},"62":{"start":{"line":255,"column":10},"end":{"line":255,"column":22}},"63":{"start":{"line":257,"column":8},"end":{"line":257,"column":null}},"64":{"start":{"line":260,"column":8},"end":{"line":266,"column":null}},"65":{"start":{"line":261,"column":10},"end":{"line":261,"column":34}},"66":{"start":{"line":263,"column":29},"end":{"line":263,"column":49}},"67":{"start":{"line":264,"column":10},"end":{"line":264,"column":22}},"68":{"start":{"line":265,"column":10},"end":{"line":265,"column":null}},"69":{"start":{"line":271,"column":4},"end":{"line":271,"column":null}},"70":{"start":{"line":272,"column":4},"end":{"line":272,"column":null}},"71":{"start":{"line":278,"column":4},"end":{"line":278,"column":12}},"72":{"start":{"line":280,"column":8},"end":{"line":280,"column":28}},"73":{"start":{"line":281,"column":8},"end":{"line":281,"column":null}},"74":{"start":{"line":282,"column":8},"end":{"line":282,"column":null}},"75":{"start":{"line":284,"column":8},"end":{"line":287,"column":null}},"76":{"start":{"line":285,"column":10},"end":{"line":285,"column":null}},"77":{"start":{"line":286,"column":10},"end":{"line":286,"column":null}},"78":{"start":{"line":288,"column":8},"end":{"line":288,"column":null}},"79":{"start":{"line":290,"column":8},"end":{"line":293,"column":null}},"80":{"start":{"line":291,"column":10},"end":{"line":291,"column":null}},"81":{"start":{"line":292,"column":10},"end":{"line":292,"column":null}},"82":{"start":{"line":294,"column":8},"end":{"line":294,"column":null}},"83":{"start":{"line":296,"column":8},"end":{"line":296,"column":28}},"84":{"start":{"line":297,"column":8},"end":{"line":297,"column":33}},"85":{"start":{"line":298,"column":8},"end":{"line":298,"column":null}},"86":{"start":{"line":300,"column":8},"end":{"line":303,"column":null}},"87":{"start":{"line":301,"column":10},"end":{"line":301,"column":null}},"88":{"start":{"line":302,"column":10},"end":{"line":302,"column":35}},"89":{"start":{"line":304,"column":8},"end":{"line":304,"column":null}},"90":{"start":{"line":306,"column":8},"end":{"line":306,"column":28}},"91":{"start":{"line":307,"column":8},"end":{"line":307,"column":33}},"92":{"start":{"line":308,"column":8},"end":{"line":308,"column":null}},"93":{"start":{"line":310,"column":8},"end":{"line":310,"column":28}},"94":{"start":{"line":311,"column":8},"end":{"line":311,"column":33}},"95":{"start":{"line":312,"column":8},"end":{"line":312,"column":null}},"96":{"start":{"line":314,"column":8},"end":{"line":314,"column":null}},"97":{"start":{"line":320,"column":4},"end":{"line":320,"column":15}},"98":{"start":{"line":322,"column":8},"end":{"line":322,"column":null}},"99":{"start":{"line":325,"column":8},"end":{"line":325,"column":28}},"100":{"start":{"line":330,"column":4},"end":{"line":330,"column":null}},"101":{"start":{"line":62,"column":0},"end":{"line":62,"column":15}}},"fnMap":{"0":{"name":"(anonymous_7)","decl":{"start":{"line":62,"column":62},"end":{"line":62,"column":null}},"loc":{"start":{"line":62,"column":62},"end":{"line":62,"column":null}}},"1":{"name":"(anonymous_8)","decl":{"start":{"line":81,"column":2},"end":{"line":81,"column":19}},"loc":{"start":{"line":81,"column":19},"end":{"line":62,"column":null}}},"2":{"name":"(anonymous_9)","decl":{"start":{"line":88,"column":2},"end":{"line":88,"column":23}},"loc":{"start":{"line":88,"column":23},"end":{"line":62,"column":null}}},"3":{"name":"(anonymous_10)","decl":{"start":{"line":96,"column":2},"end":{"line":96,"column":36}},"loc":{"start":{"line":96,"column":36},"end":{"line":62,"column":null}}},"4":{"name":"(anonymous_11)","decl":{"start":{"line":105,"column":2},"end":{"line":105,"column":19}},"loc":{"start":{"line":105,"column":19},"end":{"line":62,"column":null}}},"5":{"name":"(anonymous_12)","decl":{"start":{"line":111,"column":2},"end":{"line":111,"column":25}},"loc":{"start":{"line":111,"column":25},"end":{"line":62,"column":null}}},"6":{"name":"(anonymous_13)","decl":{"start":{"line":118,"column":2},"end":{"line":118,"column":25}},"loc":{"start":{"line":118,"column":25},"end":{"line":62,"column":null}}},"7":{"name":"(anonymous_14)","decl":{"start":{"line":128,"column":2},"end":{"line":128,"column":24}},"loc":{"start":{"line":128,"column":24},"end":{"line":62,"column":null}}},"8":{"name":"(anonymous_15)","decl":{"start":{"line":137,"column":2},"end":{"line":137,"column":20}},"loc":{"start":{"line":137,"column":20},"end":{"line":139,"column":null}}},"9":{"name":"(anonymous_16)","decl":{"start":{"line":141,"column":2},"end":{"line":141,"column":22}},"loc":{"start":{"line":141,"column":22},"end":{"line":145,"column":null}}},"10":{"name":"(anonymous_17)","decl":{"start":{"line":148,"column":2},"end":{"line":148,"column":30}},"loc":{"start":{"line":148,"column":30},"end":{"line":155,"column":null}}},"11":{"name":"(anonymous_18)","decl":{"start":{"line":157,"column":2},"end":{"line":157,"column":24}},"loc":{"start":{"line":157,"column":27},"end":{"line":159,"column":null}}},"12":{"name":"(anonymous_19)","decl":{"start":{"line":162,"column":2},"end":{"line":162,"column":21}},"loc":{"start":{"line":162,"column":21},"end":{"line":62,"column":null}}},"13":{"name":"(anonymous_20)","decl":{"start":{"line":168,"column":2},"end":{"line":168,"column":30}},"loc":{"start":{"line":168,"column":33},"end":{"line":171,"column":null}}},"14":{"name":"(anonymous_21)","decl":{"start":{"line":173,"column":2},"end":{"line":173,"column":21}},"loc":{"start":{"line":173,"column":24},"end":{"line":176,"column":null}}},"15":{"name":"(anonymous_22)","decl":{"start":{"line":178,"column":2},"end":{"line":178,"column":19}},"loc":{"start":{"line":178,"column":22},"end":{"line":181,"column":null}}},"16":{"name":"(anonymous_23)","decl":{"start":{"line":183,"column":2},"end":{"line":183,"column":20}},"loc":{"start":{"line":183,"column":23},"end":{"line":186,"column":null}}},"17":{"name":"(anonymous_24)","decl":{"start":{"line":188,"column":2},"end":{"line":188,"column":19}},"loc":{"start":{"line":188,"column":22},"end":{"line":62,"column":null}}},"18":{"name":"(anonymous_25)","decl":{"start":{"line":196,"column":2},"end":{"line":196,"column":27}},"loc":{"start":{"line":196,"column":30},"end":{"line":62,"column":null}}},"19":{"name":"(anonymous_26)","decl":{"start":{"line":203,"column":12},"end":{"line":203,"column":18}},"loc":{"start":{"line":203,"column":22},"end":{"line":198,"column":25}}},"20":{"name":"(anonymous_27)","decl":{"start":{"line":213,"column":13},"end":{"line":213,"column":18}},"loc":{"start":{"line":213,"column":22},"end":{"line":198,"column":25}}},"21":{"name":"(anonymous_28)","decl":{"start":{"line":225,"column":2},"end":{"line":225,"column":18}},"loc":{"start":{"line":225,"column":21},"end":{"line":62,"column":null}}},"22":{"name":"(anonymous_29)","decl":{"start":{"line":228,"column":12},"end":{"line":228,"column":18}},"loc":{"start":{"line":228,"column":18},"end":{"line":227,"column":16}}},"23":{"name":"(anonymous_30)","decl":{"start":{"line":233,"column":13},"end":{"line":233,"column":19}},"loc":{"start":{"line":233,"column":19},"end":{"line":227,"column":16}}},"24":{"name":"(anonymous_31)","decl":{"start":{"line":241,"column":2},"end":{"line":241,"column":21}},"loc":{"start":{"line":241,"column":30},"end":{"line":268,"column":null}}},"25":{"name":"(anonymous_32)","decl":{"start":{"line":249,"column":12},"end":{"line":249,"column":18}},"loc":{"start":{"line":249,"column":22},"end":{"line":243,"column":15}}},"26":{"name":"(anonymous_33)","decl":{"start":{"line":259,"column":13},"end":{"line":259,"column":18}},"loc":{"start":{"line":259,"column":22},"end":{"line":243,"column":15}}},"27":{"name":"(anonymous_34)","decl":{"start":{"line":270,"column":2},"end":{"line":270,"column":19}},"loc":{"start":{"line":270,"column":22},"end":{"line":62,"column":null}}},"28":{"name":"(anonymous_35)","decl":{"start":{"line":277,"column":2},"end":{"line":277,"column":19}},"loc":{"start":{"line":277,"column":22},"end":{"line":62,"column":null}}},"29":{"name":"(anonymous_36)","decl":{"start":{"line":319,"column":2},"end":{"line":319,"column":20}},"loc":{"start":{"line":319,"column":28},"end":{"line":327,"column":null}}},"30":{"name":"(anonymous_37)","decl":{"start":{"line":321,"column":12},"end":{"line":321,"column":19}},"loc":{"start":{"line":321,"column":23},"end":{"line":320,"column":15}}},"31":{"name":"(anonymous_38)","decl":{"start":{"line":324,"column":13},"end":{"line":324,"column":18}},"loc":{"start":{"line":324,"column":22},"end":{"line":320,"column":15}}},"32":{"name":"(anonymous_39)","decl":{"start":{"line":329,"column":2},"end":{"line":329,"column":23}},"loc":{"start":{"line":329,"column":26},"end":{"line":331,"column":null}}}},"branchMap":{"0":{"loc":{"start":{"line":90,"column":6},"end":{"line":90,"column":null}},"type":"binary-expr","locations":[{"start":{"line":90,"column":6},"end":{"line":90,"column":null}},{"start":{"line":91,"column":6},"end":{"line":89,"column":null}}]},"1":{"loc":{"start":{"line":97,"column":11},"end":{"line":97,"column":null}},"type":"cond-expr","locations":[{"start":{"line":97,"column":11},"end":{"line":97,"column":null}},{"start":{"line":97,"column":4},"end":{"line":97,"column":11}}]},"2":{"loc":{"start":{"line":97,"column":11},"end":{"line":97,"column":null}},"type":"binary-expr","locations":[{"start":{"line":97,"column":11},"end":{"line":97,"column":null}},{"start":{"line":98,"column":6},"end":{"line":97,"column":null}},{"start":{"line":99,"column":6},"end":{"line":97,"column":null}}]},"3":{"loc":{"start":{"line":106,"column":4},"end":{"line":107,"column":13}},"type":"if","locations":[{"start":{"line":106,"column":4},"end":{"line":107,"column":13}},{"start":{"line":106,"column":4},"end":{"line":107,"column":13}}]},"4":{"loc":{"start":{"line":106,"column":8},"end":{"line":106,"column":34}},"type":"binary-expr","locations":[{"start":{"line":106,"column":8},"end":{"line":106,"column":34}},{"start":{"line":106,"column":34},"end":{"line":106,"column":46}}]},"5":{"loc":{"start":{"line":112,"column":4},"end":{"line":113,"column":13}},"type":"if","locations":[{"start":{"line":112,"column":4},"end":{"line":113,"column":13}},{"start":{"line":112,"column":4},"end":{"line":113,"column":13}}]},"6":{"loc":{"start":{"line":112,"column":8},"end":{"line":112,"column":34}},"type":"binary-expr","locations":[{"start":{"line":112,"column":8},"end":{"line":112,"column":34}},{"start":{"line":112,"column":34},"end":{"line":112,"column":46}}]},"7":{"loc":{"start":{"line":120,"column":6},"end":{"line":120,"column":33}},"type":"binary-expr","locations":[{"start":{"line":120,"column":6},"end":{"line":120,"column":33}},{"start":{"line":121,"column":6},"end":{"line":120,"column":33}},{"start":{"line":122,"column":6},"end":{"line":120,"column":33}},{"start":{"line":123,"column":6},"end":{"line":119,"column":null}}]},"8":{"loc":{"start":{"line":130,"column":6},"end":{"line":130,"column":33}},"type":"binary-expr","locations":[{"start":{"line":130,"column":6},"end":{"line":130,"column":33}},{"start":{"line":131,"column":6},"end":{"line":130,"column":33}},{"start":{"line":132,"column":6},"end":{"line":129,"column":null}}]},"9":{"loc":{"start":{"line":142,"column":11},"end":{"line":142,"column":35}},"type":"cond-expr","locations":[{"start":{"line":142,"column":11},"end":{"line":142,"column":35}},{"start":{"line":142,"column":4},"end":{"line":142,"column":11}}]},"10":{"loc":{"start":{"line":142,"column":11},"end":{"line":142,"column":35}},"type":"binary-expr","locations":[{"start":{"line":142,"column":11},"end":{"line":142,"column":35}},{"start":{"line":142,"column":35},"end":{"line":142,"column":10}}]},"11":{"loc":{"start":{"line":150,"column":4},"end":{"line":154,"column":null}},"type":"if","locations":[{"start":{"line":150,"column":4},"end":{"line":154,"column":null}},{"start":{"line":150,"column":4},"end":{"line":154,"column":null}}]},"12":{"loc":{"start":{"line":152,"column":11},"end":{"line":154,"column":null}},"type":"if","locations":[{"start":{"line":152,"column":11},"end":{"line":154,"column":null}},{"start":{"line":152,"column":11},"end":{"line":154,"column":null}}]},"13":{"loc":{"start":{"line":205,"column":8},"end":{"line":210,"column":null}},"type":"if","locations":[{"start":{"line":205,"column":8},"end":{"line":210,"column":null}},{"start":{"line":205,"column":8},"end":{"line":210,"column":null}}]},"14":{"loc":{"start":{"line":214,"column":8},"end":{"line":220,"column":null}},"type":"if","locations":[{"start":{"line":214,"column":8},"end":{"line":220,"column":null}},{"start":{"line":214,"column":8},"end":{"line":220,"column":null}}]},"15":{"loc":{"start":{"line":251,"column":8},"end":{"line":256,"column":null}},"type":"if","locations":[{"start":{"line":251,"column":8},"end":{"line":256,"column":null}},{"start":{"line":251,"column":8},"end":{"line":256,"column":null}}]},"16":{"loc":{"start":{"line":260,"column":8},"end":{"line":266,"column":null}},"type":"if","locations":[{"start":{"line":260,"column":8},"end":{"line":266,"column":null}},{"start":{"line":260,"column":8},"end":{"line":266,"column":null}}]},"17":{"loc":{"start":{"line":279,"column":6},"end":{"line":282,"column":null}},"type":"switch","locations":[{"start":{"line":279,"column":6},"end":{"line":282,"column":null}},{"start":{"line":283,"column":6},"end":{"line":288,"column":null}},{"start":{"line":289,"column":6},"end":{"line":294,"column":null}},{"start":{"line":295,"column":6},"end":{"line":298,"column":null}},{"start":{"line":299,"column":6},"end":{"line":304,"column":null}},{"start":{"line":305,"column":6},"end":{"line":308,"column":null}},{"start":{"line":309,"column":6},"end":{"line":312,"column":null}},{"start":{"line":313,"column":6},"end":{"line":314,"column":null}}]},"18":{"loc":{"start":{"line":284,"column":8},"end":{"line":287,"column":null}},"type":"if","locations":[{"start":{"line":284,"column":8},"end":{"line":287,"column":null}},{"start":{"line":284,"column":8},"end":{"line":287,"column":null}}]},"19":{"loc":{"start":{"line":290,"column":8},"end":{"line":293,"column":null}},"type":"if","locations":[{"start":{"line":290,"column":8},"end":{"line":293,"column":null}},{"start":{"line":290,"column":8},"end":{"line":293,"column":null}}]},"20":{"loc":{"start":{"line":300,"column":8},"end":{"line":303,"column":null}},"type":"if","locations":[{"start":{"line":300,"column":8},"end":{"line":303,"column":null}},{"start":{"line":300,"column":8},"end":{"line":303,"column":null}}]}},"s":{"0":5,"1":5,"2":5,"3":5,"4":5,"5":288,"6":2,"7":61,"8":61,"9":85,"10":28,"11":57,"12":85,"13":28,"14":57,"15":85,"16":85,"17":12,"18":170,"19":48,"20":48,"21":23,"22":25,"23":1,"24":7,"25":0,"26":4,"27":4,"28":2,"29":2,"30":4,"31":4,"32":5,"33":5,"34":3,"35":3,"36":5,"37":5,"38":3,"39":3,"40":2,"41":2,"42":1,"43":1,"44":4,"45":1,"46":1,"47":1,"48":1,"49":2,"50":2,"51":1,"52":1,"53":1,"54":2,"55":1,"56":13,"57":13,"58":7,"59":7,"60":4,"61":4,"62":3,"63":3,"64":10,"65":4,"66":2,"67":2,"68":2,"69":1,"70":1,"71":20,"72":4,"73":4,"74":4,"75":1,"76":1,"77":1,"78":1,"79":2,"80":2,"81":2,"82":2,"83":5,"84":5,"85":5,"86":2,"87":2,"88":2,"89":2,"90":3,"91":3,"92":3,"93":3,"94":3,"95":3,"96":0,"97":5,"98":4,"99":3,"100":0,"101":5},"f":{"0":24,"1":2,"2":61,"3":61,"4":85,"5":85,"6":85,"7":85,"8":12,"9":170,"10":48,"11":7,"12":0,"13":4,"14":2,"15":4,"16":5,"17":3,"18":5,"19":3,"20":4,"21":2,"22":1,"23":2,"24":13,"25":7,"26":10,"27":1,"28":20,"29":5,"30":4,"31":3,"32":0},"b":{"0":[61,25],"1":[15,46],"2":[61,61,15],"3":[28,57],"4":[85,28],"5":[28,57],"6":[85,28],"7":[85,81,76,73],"8":[85,83,79],"9":[4,166],"10":[170,122],"11":[23,25],"12":[1,24],"13":[2,1],"14":[1,1],"15":[4,3],"16":[4,2],"17":[4,1,2,5,2,3,3,0],"18":[1,0],"19":[2,0],"20":[2,0]}}
,"/Users/lmontero/Documents/GitHub/approvalHistory/approva history lwc/force-app/main/default/lwc/approvalHistory/approvalHistoryUtil.js": {"path":"/Users/lmontero/Documents/GitHub/approvalHistory/approva history lwc/force-app/main/default/lwc/approvalHistory/approvalHistoryUtil.js","statementMap":{"0":{"start":{"line":1,"column":0},"end":{"line":1,"column":6}},"1":{"start":{"line":2,"column":0},"end":{"line":2,"column":6}},"2":{"start":{"line":6,"column":19},"end":{"line":6,"column":null}},"3":{"start":{"line":15,"column":27},"end":{"line":15,"column":null}},"4":{"start":{"line":165,"column":0},"end":{"line":165,"column":6}},"5":{"start":{"line":170,"column":30},"end":{"line":170,"column":8}},"6":{"start":{"line":171,"column":4},"end":{"line":170,"column":8}},"7":{"start":{"line":172,"column":2},"end":{"line":172,"column":9}},"8":{"start":{"line":177,"column":20},"end":{"line":177,"column":24}},"9":{"start":{"line":178,"column":2},"end":{"line":178,"column":13}},"10":{"start":{"line":182,"column":20},"end":{"line":182,"column":24}},"11":{"start":{"line":183,"column":2},"end":{"line":183,"column":13}},"12":{"start":{"line":188,"column":2},"end":{"line":188,"column":9}},"13":{"start":{"line":192,"column":2},"end":{"line":192,"column":6}},"14":{"start":{"line":193,"column":2},"end":{"line":193,"column":11}},"15":{"start":{"line":199,"column":20},"end":{"line":199,"column":24}},"16":{"start":{"line":200,"column":2},"end":{"line":203,"column":null}},"17":{"start":{"line":201,"column":4},"end":{"line":201,"column":8}},"18":{"start":{"line":202,"column":4},"end":{"line":202,"column":null}},"19":{"start":{"line":204,"column":2},"end":{"line":204,"column":6}},"20":{"start":{"line":205,"column":2},"end":{"line":205,"column":null}},"21":{"start":{"line":211,"column":2},"end":{"line":211,"column":6}},"22":{"start":{"line":217,"column":2},"end":{"line":217,"column":6}},"23":{"start":{"line":218,"column":2},"end":{"line":218,"column":6}},"24":{"start":{"line":219,"column":2},"end":{"line":219,"column":6}},"25":{"start":{"line":220,"column":2},"end":{"line":220,"column":6}},"26":{"start":{"line":221,"column":2},"end":{"line":221,"column":6}},"27":{"start":{"line":226,"column":16},"end":{"line":226,"column":35}},"28":{"start":{"line":233,"column":2},"end":{"line":233,"column":6}},"29":{"start":{"line":237,"column":16},"end":{"line":237,"column":35}},"30":{"start":{"line":242,"column":2},"end":{"line":242,"column":6}},"31":{"start":{"line":246,"column":2},"end":{"line":246,"column":6}},"32":{"start":{"line":247,"column":2},"end":{"line":247,"column":8}},"33":{"start":{"line":248,"column":4},"end":{"line":248,"column":16}},"34":{"start":{"line":250,"column":2},"end":{"line":250,"column":null}}},"fnMap":{"0":{"name":"verifyIfNextApproverWasNeeded","decl":{"start":{"line":169,"column":7},"end":{"line":169,"column":54}},"loc":{"start":{"line":169,"column":54},"end":{"line":175,"column":null}}},"1":{"name":"(anonymous_1)","decl":{"start":{"line":170,"column":30},"end":{"line":170,"column":35}},"loc":{"start":{"line":171,"column":4},"end":{"line":170,"column":8}}},"2":{"name":"hideModal","decl":{"start":{"line":176,"column":7},"end":{"line":176,"column":32}},"loc":{"start":{"line":176,"column":32},"end":{"line":179,"column":null}}},"3":{"name":"showModal","decl":{"start":{"line":181,"column":7},"end":{"line":181,"column":32}},"loc":{"start":{"line":181,"column":32},"end":{"line":185,"column":null}}},"4":{"name":"getCommentPropertyFromModal","decl":{"start":{"line":187,"column":7},"end":{"line":187,"column":50}},"loc":{"start":{"line":187,"column":50},"end":{"line":189,"column":null}}},"5":{"name":"showGetNextApproverModal","decl":{"start":{"line":191,"column":7},"end":{"line":191,"column":57}},"loc":{"start":{"line":191,"column":57},"end":{"line":196,"column":null}}},"6":{"name":"validateUserLookup","decl":{"start":{"line":198,"column":7},"end":{"line":198,"column":41}},"loc":{"start":{"line":198,"column":41},"end":{"line":208,"column":null}}},"7":{"name":"setSelectedUser","decl":{"start":{"line":210,"column":7},"end":{"line":210,"column":38}},"loc":{"start":{"line":210,"column":38},"end":{"line":214,"column":null}}},"8":{"name":"clearModalState","decl":{"start":{"line":216,"column":7},"end":{"line":216,"column":38}},"loc":{"start":{"line":216,"column":38},"end":{"line":224,"column":null}}},"9":{"name":"displayToast","decl":{"start":{"line":225,"column":7},"end":{"line":225,"column":76}},"loc":{"start":{"line":225,"column":76},"end":{"line":234,"column":null}}},"10":{"name":"displayToastErrorQuery","decl":{"start":{"line":236,"column":7},"end":{"line":236,"column":61}},"loc":{"start":{"line":236,"column":61},"end":{"line":243,"column":null}}},"11":{"name":"extractErrorMessage","decl":{"start":{"line":245,"column":7},"end":{"line":245,"column":44}},"loc":{"start":{"line":245,"column":44},"end":{"line":251,"column":null}}},"12":{"name":"(anonymous_12)","decl":{"start":{"line":247,"column":17},"end":{"line":247,"column":24}},"loc":{"start":{"line":247,"column":28},"end":{"line":247,"column":8}}}},"branchMap":{"0":{"loc":{"start":{"line":200,"column":2},"end":{"line":203,"column":null}},"type":"if","locations":[{"start":{"line":200,"column":2},"end":{"line":203,"column":null}},{"start":{"line":200,"column":2},"end":{"line":203,"column":null}}]},"1":{"loc":{"start":{"line":228,"column":28},"end":{"line":228,"column":null}},"type":"cond-expr","locations":[{"start":{"line":228,"column":28},"end":{"line":228,"column":null}},{"start":{"line":230,"column":8},"end":{"line":226,"column":null}}]}},"s":{"0":5,"1":5,"2":5,"3":5,"4":5,"5":8,"6":8,"7":8,"8":21,"9":21,"10":23,"11":23,"12":15,"13":5,"14":5,"15":5,"16":5,"17":0,"18":0,"19":5,"20":5,"21":5,"22":10,"23":10,"24":10,"25":10,"26":10,"27":16,"28":15,"29":1,"30":1,"31":3,"32":3,"33":3,"34":3},"f":{"0":8,"1":8,"2":21,"3":23,"4":15,"5":5,"6":5,"7":5,"8":10,"9":16,"10":1,"11":3,"12":3},"b":{"0":[0,5],"1":[3,12]}}
,"/Users/lmontero/Documents/GitHub/approvalHistory/approva history lwc/force-app/main/default/lwc/lookup/lookup.js": {"path":"/Users/lmontero/Documents/GitHub/approvalHistory/approva history lwc/force-app/main/default/lwc/lookup/lookup.js","statementMap":{"0":{"start":{"line":3,"column":0},"end":{"line":3,"column":6}},"1":{"start":{"line":4,"column":0},"end":{"line":4,"column":6}},"2":{"start":{"line":6,"column":53},"end":{"line":6,"column":null}},"3":{"start":{"line":28,"column":4},"end":{"line":28,"column":24}},"4":{"start":{"line":33,"column":4},"end":{"line":33,"column":11}},"5":{"start":{"line":39,"column":4},"end":{"line":39,"column":null}},"6":{"start":{"line":41,"column":25},"end":{"line":41,"column":29}},"7":{"start":{"line":43,"column":4},"end":{"line":43,"column":25}},"8":{"start":{"line":45,"column":6},"end":{"line":53,"column":null}},"9":{"start":{"line":46,"column":22},"end":{"line":46,"column":34}},"10":{"start":{"line":47,"column":8},"end":{"line":47,"column":14}},"11":{"start":{"line":50,"column":8},"end":{"line":50,"column":14}},"12":{"start":{"line":54,"column":6},"end":{"line":63,"column":null}},"13":{"start":{"line":55,"column":8},"end":{"line":55,"column":14}},"14":{"start":{"line":56,"column":8},"end":{"line":56,"column":15}},"15":{"start":{"line":64,"column":6},"end":{"line":64,"column":null}},"16":{"start":{"line":70,"column":4},"end":{"line":70,"column":11}},"17":{"start":{"line":76,"column":4},"end":{"line":76,"column":null}},"18":{"start":{"line":79,"column":31},"end":{"line":79,"column":44}},"19":{"start":{"line":83,"column":4},"end":{"line":75,"column":null}},"20":{"start":{"line":84,"column":6},"end":{"line":84,"column":null}},"21":{"start":{"line":88,"column":4},"end":{"line":88,"column":null}},"22":{"start":{"line":91,"column":4},"end":{"line":75,"column":null}},"23":{"start":{"line":92,"column":6},"end":{"line":92,"column":null}},"24":{"start":{"line":93,"column":6},"end":{"line":93,"column":null}},"25":{"start":{"line":97,"column":4},"end":{"line":75,"column":null}},"26":{"start":{"line":98,"column":6},"end":{"line":98,"column":18}},"27":{"start":{"line":101,"column":4},"end":{"line":101,"column":35}},"28":{"start":{"line":103,"column":6},"end":{"line":114,"column":null}},"29":{"start":{"line":105,"column":8},"end":{"line":105,"column":null}},"30":{"start":{"line":107,"column":28},"end":{"line":107,"column":54}},"31":{"start":{"line":110,"column":58},"end":{"line":110,"column":47}},"32":{"start":{"line":113,"column":8},"end":{"line":113,"column":null}},"33":{"start":{"line":115,"column":6},"end":{"line":115,"column":null}},"34":{"start":{"line":120,"column":4},"end":{"line":122,"column":null}},"35":{"start":{"line":121,"column":6},"end":{"line":121,"column":null}},"36":{"start":{"line":123,"column":4},"end":{"line":123,"column":11}},"37":{"start":{"line":127,"column":4},"end":{"line":127,"column":11}},"38":{"start":{"line":131,"column":4},"end":{"line":131,"column":11}},"39":{"start":{"line":138,"column":4},"end":{"line":140,"column":null}},"40":{"start":{"line":139,"column":6},"end":{"line":139,"column":null}},"41":{"start":{"line":141,"column":4},"end":{"line":141,"column":26}},"42":{"start":{"line":145,"column":21},"end":{"line":144,"column":null}},"43":{"start":{"line":148,"column":23},"end":{"line":148,"column":null}},"44":{"start":{"line":149,"column":16},"end":{"line":148,"column":8}},"45":{"start":{"line":151,"column":4},"end":{"line":153,"column":null}},"46":{"start":{"line":152,"column":6},"end":{"line":152,"column":null}},"47":{"start":{"line":154,"column":4},"end":{"line":154,"column":16}},"48":{"start":{"line":155,"column":25},"end":{"line":155,"column":26}},"49":{"start":{"line":156,"column":4},"end":{"line":156,"column":16}},"50":{"start":{"line":157,"column":4},"end":{"line":157,"column":null}},"51":{"start":{"line":158,"column":4},"end":{"line":158,"column":null}},"52":{"start":{"line":161,"column":4},"end":{"line":161,"column":null}},"53":{"start":{"line":162,"column":4},"end":{"line":162,"column":null}},"54":{"start":{"line":165,"column":4},"end":{"line":165,"column":23}},"55":{"start":{"line":170,"column":4},"end":{"line":172,"column":null}},"56":{"start":{"line":171,"column":6},"end":{"line":171,"column":12}},"57":{"start":{"line":173,"column":4},"end":{"line":173,"column":null}},"58":{"start":{"line":178,"column":4},"end":{"line":180,"column":null}},"59":{"start":{"line":179,"column":6},"end":{"line":179,"column":null}},"60":{"start":{"line":181,"column":4},"end":{"line":181,"column":null}},"61":{"start":{"line":186,"column":4},"end":{"line":184,"column":null}},"62":{"start":{"line":187,"column":6},"end":{"line":187,"column":null}},"63":{"start":{"line":191,"column":4},"end":{"line":191,"column":23}},"64":{"start":{"line":192,"column":6},"end":{"line":192,"column":null}},"65":{"start":{"line":193,"column":6},"end":{"line":193,"column":null}},"66":{"start":{"line":198,"column":21},"end":{"line":198,"column":10}},"67":{"start":{"line":199,"column":4},"end":{"line":199,"column":24}},"68":{"start":{"line":199,"column":57},"end":{"line":199,"column":24}},"69":{"start":{"line":200,"column":4},"end":{"line":200,"column":null}},"70":{"start":{"line":202,"column":4},"end":{"line":202,"column":23}},"71":{"start":{"line":206,"column":4},"end":{"line":206,"column":null}},"72":{"start":{"line":207,"column":4},"end":{"line":207,"column":null}},"73":{"start":{"line":209,"column":4},"end":{"line":209,"column":23}},"74":{"start":{"line":215,"column":4},"end":{"line":215,"column":8}},"75":{"start":{"line":216,"column":4},"end":{"line":218,"column":null}},"76":{"start":{"line":217,"column":6},"end":{"line":217,"column":9}},"77":{"start":{"line":219,"column":4},"end":{"line":221,"column":null}},"78":{"start":{"line":220,"column":6},"end":{"line":220,"column":9}},"79":{"start":{"line":222,"column":4},"end":{"line":222,"column":null}},"80":{"start":{"line":226,"column":4},"end":{"line":226,"column":8}},"81":{"start":{"line":228,"column":4},"end":{"line":234,"column":null}},"82":{"start":{"line":233,"column":6},"end":{"line":233,"column":9}},"83":{"start":{"line":235,"column":4},"end":{"line":235,"column":null}},"84":{"start":{"line":239,"column":4},"end":{"line":239,"column":8}},"85":{"start":{"line":240,"column":4},"end":{"line":245,"column":null}},"86":{"start":{"line":244,"column":6},"end":{"line":244,"column":9}},"87":{"start":{"line":246,"column":4},"end":{"line":250,"column":null}},"88":{"start":{"line":247,"column":6},"end":{"line":247,"column":9}},"89":{"start":{"line":251,"column":4},"end":{"line":251,"column":null}},"90":{"start":{"line":255,"column":4},"end":{"line":255,"column":8}},"91":{"start":{"line":256,"column":4},"end":{"line":262,"column":null}},"92":{"start":{"line":257,"column":6},"end":{"line":257,"column":9}},"93":{"start":{"line":259,"column":6},"end":{"line":259,"column":9}},"94":{"start":{"line":263,"column":4},"end":{"line":263,"column":null}},"95":{"start":{"line":267,"column":4},"end":{"line":267,"column":8}},"96":{"start":{"line":268,"column":4},"end":{"line":270,"column":null}},"97":{"start":{"line":269,"column":6},"end":{"line":269,"column":9}},"98":{"start":{"line":271,"column":4},"end":{"line":271,"column":null}},"99":{"start":{"line":275,"column":4},"end":{"line":275,"column":null}},"100":{"start":{"line":282,"column":4},"end":{"line":282,"column":11}},"101":{"start":{"line":286,"column":4},"end":{"line":286,"column":null}},"102":{"start":{"line":293,"column":4},"end":{"line":295,"column":null}},"103":{"start":{"line":294,"column":6},"end":{"line":294,"column":13}},"104":{"start":{"line":296,"column":4},"end":{"line":296,"column":11}},"105":{"start":{"line":300,"column":4},"end":{"line":302,"column":null}},"106":{"start":{"line":301,"column":6},"end":{"line":301,"column":null}},"107":{"start":{"line":304,"column":4},"end":{"line":304,"column":11}},"108":{"start":{"line":308,"column":4},"end":{"line":308,"column":null}},"109":{"start":{"line":317,"column":4},"end":{"line":319,"column":null}},"110":{"start":{"line":318,"column":6},"end":{"line":318,"column":null}},"111":{"start":{"line":320,"column":4},"end":{"line":320,"column":11}},"112":{"start":{"line":324,"column":4},"end":{"line":324,"column":11}},"113":{"start":{"line":6,"column":0},"end":{"line":6,"column":15}}},"fnMap":{"0":{"name":"(anonymous_1)","decl":{"start":{"line":6,"column":53},"end":{"line":6,"column":null}},"loc":{"start":{"line":6,"column":53},"end":{"line":6,"column":null}}},"1":{"name":"(anonymous_2)","decl":{"start":{"line":26,"column":2},"end":{"line":26,"column":null}},"loc":{"start":{"line":27,"column":34},"end":{"line":31,"column":null}}},"2":{"name":"(anonymous_3)","decl":{"start":{"line":32,"column":2},"end":{"line":32,"column":18}},"loc":{"start":{"line":32,"column":18},"end":{"line":34,"column":null}}},"3":{"name":"(anonymous_4)","decl":{"start":{"line":37,"column":2},"end":{"line":37,"column":28}},"loc":{"start":{"line":37,"column":28},"end":{"line":66,"column":null}}},"4":{"name":"(anonymous_5)","decl":{"start":{"line":43,"column":42},"end":{"line":43,"column":48}},"loc":{"start":{"line":43,"column":52},"end":{"line":43,"column":25}}},"5":{"name":"(anonymous_6)","decl":{"start":{"line":69,"column":2},"end":{"line":69,"column":17}},"loc":{"start":{"line":69,"column":17},"end":{"line":6,"column":null}}},"6":{"name":"(anonymous_7)","decl":{"start":{"line":75,"column":2},"end":{"line":75,"column":18}},"loc":{"start":{"line":75,"column":34},"end":{"line":117,"column":null}}},"7":{"name":"(anonymous_8)","decl":{"start":{"line":101,"column":46},"end":{"line":101,"column":52}},"loc":{"start":{"line":101,"column":52},"end":{"line":101,"column":46}}},"8":{"name":"(anonymous_9)","decl":{"start":{"line":110,"column":47},"end":{"line":110,"column":54}},"loc":{"start":{"line":110,"column":58},"end":{"line":110,"column":47}}},"9":{"name":"(anonymous_10)","decl":{"start":{"line":119,"column":2},"end":{"line":119,"column":20}},"loc":{"start":{"line":119,"column":23},"end":{"line":124,"column":null}}},"10":{"name":"(anonymous_11)","decl":{"start":{"line":126,"column":2},"end":{"line":126,"column":12}},"loc":{"start":{"line":126,"column":15},"end":{"line":128,"column":null}}},"11":{"name":"(anonymous_12)","decl":{"start":{"line":130,"column":2},"end":{"line":130,"column":14}},"loc":{"start":{"line":130,"column":17},"end":{"line":6,"column":null}}},"12":{"name":"(anonymous_13)","decl":{"start":{"line":136,"column":2},"end":{"line":136,"column":13}},"loc":{"start":{"line":136,"column":21},"end":{"line":142,"column":null}}},"13":{"name":"(anonymous_14)","decl":{"start":{"line":144,"column":2},"end":{"line":144,"column":19}},"loc":{"start":{"line":144,"column":27},"end":{"line":166,"column":null}}},"14":{"name":"(anonymous_15)","decl":{"start":{"line":149,"column":6},"end":{"line":149,"column":12}},"loc":{"start":{"line":149,"column":16},"end":{"line":148,"column":8}}},"15":{"name":"(anonymous_16)","decl":{"start":{"line":168,"column":2},"end":{"line":168,"column":21}},"loc":{"start":{"line":168,"column":24},"end":{"line":174,"column":null}}},"16":{"name":"(anonymous_17)","decl":{"start":{"line":176,"column":2},"end":{"line":176,"column":13}},"loc":{"start":{"line":176,"column":16},"end":{"line":182,"column":null}}},"17":{"name":"(anonymous_18)","decl":{"start":{"line":184,"column":2},"end":{"line":184,"column":12}},"loc":{"start":{"line":184,"column":15},"end":{"line":195,"column":null}}},"18":{"name":"(anonymous_19)","decl":{"start":{"line":191,"column":41},"end":{"line":191,"column":47}},"loc":{"start":{"line":191,"column":47},"end":{"line":191,"column":29}}},"19":{"name":"(anonymous_20)","decl":{"start":{"line":197,"column":2},"end":{"line":197,"column":26}},"loc":{"start":{"line":197,"column":34},"end":{"line":203,"column":null}}},"20":{"name":"(anonymous_21)","decl":{"start":{"line":199,"column":49},"end":{"line":199,"column":53}},"loc":{"start":{"line":199,"column":57},"end":{"line":199,"column":24}}},"21":{"name":"(anonymous_22)","decl":{"start":{"line":205,"column":2},"end":{"line":205,"column":22}},"loc":{"start":{"line":205,"column":25},"end":{"line":6,"column":null}}},"22":{"name":"(anonymous_23)","decl":{"start":{"line":214,"column":2},"end":{"line":214,"column":26}},"loc":{"start":{"line":214,"column":26},"end":{"line":223,"column":null}}},"23":{"name":"(anonymous_24)","decl":{"start":{"line":225,"column":2},"end":{"line":225,"column":25}},"loc":{"start":{"line":225,"column":25},"end":{"line":236,"column":null}}},"24":{"name":"(anonymous_25)","decl":{"start":{"line":238,"column":2},"end":{"line":238,"column":22}},"loc":{"start":{"line":238,"column":22},"end":{"line":252,"column":null}}},"25":{"name":"(anonymous_26)","decl":{"start":{"line":254,"column":2},"end":{"line":254,"column":25}},"loc":{"start":{"line":254,"column":25},"end":{"line":264,"column":null}}},"26":{"name":"(anonymous_27)","decl":{"start":{"line":266,"column":2},"end":{"line":266,"column":27}},"loc":{"start":{"line":266,"column":27},"end":{"line":272,"column":null}}},"27":{"name":"(anonymous_28)","decl":{"start":{"line":274,"column":2},"end":{"line":274,"column":37}},"loc":{"start":{"line":274,"column":37},"end":{"line":279,"column":null}}},"28":{"name":"(anonymous_29)","decl":{"start":{"line":281,"column":2},"end":{"line":281,"column":26}},"loc":{"start":{"line":281,"column":26},"end":{"line":283,"column":null}}},"29":{"name":"(anonymous_30)","decl":{"start":{"line":285,"column":2},"end":{"line":285,"column":27}},"loc":{"start":{"line":285,"column":27},"end":{"line":290,"column":null}}},"30":{"name":"(anonymous_31)","decl":{"start":{"line":292,"column":2},"end":{"line":292,"column":22}},"loc":{"start":{"line":292,"column":22},"end":{"line":297,"column":null}}},"31":{"name":"(anonymous_32)","decl":{"start":{"line":299,"column":2},"end":{"line":299,"column":22}},"loc":{"start":{"line":299,"column":22},"end":{"line":305,"column":null}}},"32":{"name":"(anonymous_33)","decl":{"start":{"line":307,"column":2},"end":{"line":307,"column":24}},"loc":{"start":{"line":307,"column":24},"end":{"line":314,"column":null}}},"33":{"name":"(anonymous_34)","decl":{"start":{"line":316,"column":2},"end":{"line":316,"column":24}},"loc":{"start":{"line":316,"column":24},"end":{"line":321,"column":null}}},"34":{"name":"(anonymous_35)","decl":{"start":{"line":323,"column":2},"end":{"line":323,"column":19}},"loc":{"start":{"line":323,"column":19},"end":{"line":325,"column":null}}}},"branchMap":{"0":{"loc":{"start":{"line":28,"column":24},"end":{"line":28,"column":29}},"type":"cond-expr","locations":[{"start":{"line":28,"column":24},"end":{"line":28,"column":29}},{"start":{"line":30,"column":8},"end":{"line":30,"column":null}}]},"1":{"loc":{"start":{"line":45,"column":6},"end":{"line":53,"column":null}},"type":"if","locations":[{"start":{"line":45,"column":6},"end":{"line":53,"column":null}},{"start":{"line":45,"column":6},"end":{"line":53,"column":null}}]},"2":{"loc":{"start":{"line":48,"column":12},"end":{"line":48,"column":18}},"type":"cond-expr","locations":[{"start":{"line":48,"column":12},"end":{"line":48,"column":18}},{"start":{"line":49,"column":12},"end":{"line":47,"column":14}}]},"3":{"loc":{"start":{"line":51,"column":12},"end":{"line":51,"column":18}},"type":"cond-expr","locations":[{"start":{"line":51,"column":12},"end":{"line":51,"column":18}},{"start":{"line":52,"column":12},"end":{"line":50,"column":14}}]},"4":{"loc":{"start":{"line":54,"column":6},"end":{"line":63,"column":null}},"type":"if","locations":[{"start":{"line":54,"column":6},"end":{"line":63,"column":null}},{"start":{"line":54,"column":6},"end":{"line":63,"column":null}}]},"5":{"loc":{"start":{"line":83,"column":4},"end":{"line":75,"column":null}},"type":"if","locations":[{"start":{"line":83,"column":4},"end":{"line":75,"column":null}},{"start":{"line":83,"column":4},"end":{"line":75,"column":null}}]},"6":{"loc":{"start":{"line":91,"column":4},"end":{"line":75,"column":null}},"type":"if","locations":[{"start":{"line":91,"column":4},"end":{"line":75,"column":null}},{"start":{"line":91,"column":4},"end":{"line":75,"column":null}}]},"7":{"loc":{"start":{"line":97,"column":4},"end":{"line":75,"column":null}},"type":"if","locations":[{"start":{"line":97,"column":4},"end":{"line":75,"column":null}},{"start":{"line":97,"column":4},"end":{"line":75,"column":null}}]},"8":{"loc":{"start":{"line":103,"column":6},"end":{"line":114,"column":null}},"type":"if","locations":[{"start":{"line":103,"column":6},"end":{"line":114,"column":null}},{"start":{"line":103,"column":6},"end":{"line":114,"column":null}}]},"9":{"loc":{"start":{"line":120,"column":4},"end":{"line":122,"column":null}},"type":"if","locations":[{"start":{"line":120,"column":4},"end":{"line":122,"column":null}},{"start":{"line":120,"column":4},"end":{"line":122,"column":null}}]},"10":{"loc":{"start":{"line":138,"column":4},"end":{"line":140,"column":null}},"type":"if","locations":[{"start":{"line":138,"column":4},"end":{"line":140,"column":null}},{"start":{"line":138,"column":4},"end":{"line":140,"column":null}}]},"11":{"loc":{"start":{"line":151,"column":4},"end":{"line":153,"column":null}},"type":"if","locations":[{"start":{"line":151,"column":4},"end":{"line":153,"column":null}},{"start":{"line":151,"column":4},"end":{"line":153,"column":null}}]},"12":{"loc":{"start":{"line":170,"column":4},"end":{"line":172,"column":null}},"type":"if","locations":[{"start":{"line":170,"column":4},"end":{"line":172,"column":null}},{"start":{"line":170,"column":4},"end":{"line":172,"column":null}}]},"13":{"loc":{"start":{"line":178,"column":4},"end":{"line":180,"column":null}},"type":"if","locations":[{"start":{"line":178,"column":4},"end":{"line":180,"column":null}},{"start":{"line":178,"column":4},"end":{"line":180,"column":null}}]},"14":{"loc":{"start":{"line":186,"column":4},"end":{"line":184,"column":null}},"type":"if","locations":[{"start":{"line":186,"column":4},"end":{"line":184,"column":null}},{"start":{"line":186,"column":4},"end":{"line":184,"column":null}}]},"15":{"loc":{"start":{"line":216,"column":4},"end":{"line":218,"column":null}},"type":"if","locations":[{"start":{"line":216,"column":4},"end":{"line":218,"column":null}},{"start":{"line":216,"column":4},"end":{"line":218,"column":null}}]},"16":{"loc":{"start":{"line":216,"column":8},"end":{"line":216,"column":25}},"type":"binary-expr","locations":[{"start":{"line":216,"column":8},"end":{"line":216,"column":25}},{"start":{"line":216,"column":25},"end":{"line":216,"column":44}}]},"17":{"loc":{"start":{"line":219,"column":4},"end":{"line":221,"column":null}},"type":"if","locations":[{"start":{"line":219,"column":4},"end":{"line":221,"column":null}},{"start":{"line":219,"column":4},"end":{"line":221,"column":null}}]},"18":{"loc":{"start":{"line":228,"column":4},"end":{"line":234,"column":null}},"type":"if","locations":[{"start":{"line":228,"column":4},"end":{"line":234,"column":null}},{"start":{"line":228,"column":4},"end":{"line":234,"column":null}}]},"19":{"loc":{"start":{"line":229,"column":6},"end":{"line":229,"column":null}},"type":"binary-expr","locations":[{"start":{"line":229,"column":6},"end":{"line":229,"column":null}},{"start":{"line":230,"column":6},"end":{"line":229,"column":null}},{"start":{"line":231,"column":6},"end":{"line":228,"column":null}}]},"20":{"loc":{"start":{"line":240,"column":4},"end":{"line":245,"column":null}},"type":"if","locations":[{"start":{"line":240,"column":4},"end":{"line":245,"column":null}},{"start":{"line":240,"column":4},"end":{"line":245,"column":null}}]},"21":{"loc":{"start":{"line":241,"column":6},"end":{"line":241,"column":null}},"type":"binary-expr","locations":[{"start":{"line":241,"column":6},"end":{"line":241,"column":null}},{"start":{"line":242,"column":7},"end":{"line":242,"column":23}},{"start":{"line":242,"column":23},"end":{"line":242,"column":6}},{"start":{"line":242,"column":40},"end":{"line":242,"column":null}}]},"22":{"loc":{"start":{"line":246,"column":4},"end":{"line":250,"column":null}},"type":"if","locations":[{"start":{"line":246,"column":4},"end":{"line":250,"column":null}},{"start":{"line":246,"column":4},"end":{"line":250,"column":null}}]},"23":{"loc":{"start":{"line":249,"column":9},"end":{"line":249,"column":null}},"type":"cond-expr","locations":[{"start":{"line":249,"column":9},"end":{"line":249,"column":null}},{"start":{"line":247,"column":6},"end":{"line":247,"column":9}}]},"24":{"loc":{"start":{"line":256,"column":4},"end":{"line":262,"column":null}},"type":"if","locations":[{"start":{"line":256,"column":4},"end":{"line":262,"column":null}},{"start":{"line":256,"column":4},"end":{"line":262,"column":null}}]},"25":{"loc":{"start":{"line":259,"column":13},"end":{"line":259,"column":null}},"type":"cond-expr","locations":[{"start":{"line":259,"column":13},"end":{"line":259,"column":null}},{"start":{"line":259,"column":6},"end":{"line":259,"column":9}}]},"26":{"loc":{"start":{"line":268,"column":4},"end":{"line":270,"column":null}},"type":"if","locations":[{"start":{"line":268,"column":4},"end":{"line":270,"column":null}},{"start":{"line":268,"column":4},"end":{"line":270,"column":null}}]},"27":{"loc":{"start":{"line":269,"column":13},"end":{"line":269,"column":null}},"type":"cond-expr","locations":[{"start":{"line":269,"column":13},"end":{"line":269,"column":null}},{"start":{"line":269,"column":6},"end":{"line":269,"column":9}}]},"28":{"loc":{"start":{"line":277,"column":7},"end":{"line":277,"column":null}},"type":"cond-expr","locations":[{"start":{"line":277,"column":7},"end":{"line":277,"column":null}},{"start":{"line":275,"column":4},"end":{"line":275,"column":null}}]},"29":{"loc":{"start":{"line":282,"column":33},"end":{"line":282,"column":10}},"type":"cond-expr","locations":[{"start":{"line":282,"column":33},"end":{"line":282,"column":10}},{"start":{"line":282,"column":4},"end":{"line":282,"column":11}}]},"30":{"loc":{"start":{"line":288,"column":7},"end":{"line":288,"column":null}},"type":"cond-expr","locations":[{"start":{"line":288,"column":7},"end":{"line":288,"column":null}},{"start":{"line":286,"column":4},"end":{"line":286,"column":null}}]},"31":{"loc":{"start":{"line":293,"column":4},"end":{"line":295,"column":null}},"type":"if","locations":[{"start":{"line":293,"column":4},"end":{"line":295,"column":null}},{"start":{"line":293,"column":4},"end":{"line":295,"column":null}}]},"32":{"loc":{"start":{"line":296,"column":33},"end":{"line":296,"column":10}},"type":"cond-expr","locations":[{"start":{"line":296,"column":33},"end":{"line":296,"column":10}},{"start":{"line":296,"column":62},"end":{"line":296,"column":11}}]},"33":{"loc":{"start":{"line":300,"column":4},"end":{"line":302,"column":null}},"type":"if","locations":[{"start":{"line":300,"column":4},"end":{"line":302,"column":null}},{"start":{"line":300,"column":4},"end":{"line":302,"column":null}}]},"34":{"loc":{"start":{"line":304,"column":33},"end":{"line":304,"column":10}},"type":"cond-expr","locations":[{"start":{"line":304,"column":33},"end":{"line":304,"column":10}},{"start":{"line":304,"column":4},"end":{"line":304,"column":11}}]},"35":{"loc":{"start":{"line":311,"column":10},"end":{"line":310,"column":null}},"type":"cond-expr","locations":[{"start":{"line":311,"column":10},"end":{"line":310,"column":null}},{"start":{"line":308,"column":4},"end":{"line":308,"column":null}}]},"36":{"loc":{"start":{"line":317,"column":4},"end":{"line":319,"column":null}},"type":"if","locations":[{"start":{"line":317,"column":4},"end":{"line":319,"column":null}},{"start":{"line":317,"column":4},"end":{"line":319,"column":null}}]}},"s":{"0":10,"1":10,"2":400,"3":16,"4":3,"5":10,"6":10,"7":8,"8":14,"9":0,"10":0,"11":0,"12":14,"13":0,"14":0,"15":14,"16":12,"17":1,"18":1,"19":1,"20":0,"21":1,"22":1,"23":0,"24":0,"25":1,"26":0,"27":1,"28":1,"29":1,"30":1,"31":2,"32":1,"33":1,"34":5,"35":3,"36":2,"37":85,"38":227,"39":1,"40":0,"41":1,"42":1,"43":1,"44":2,"45":1,"46":0,"47":1,"48":1,"49":1,"50":1,"51":1,"52":1,"53":1,"54":1,"55":1,"56":0,"57":1,"58":2,"59":1,"60":1,"61":2,"62":1,"63":1,"64":0,"65":0,"66":1,"67":1,"68":2,"69":1,"70":1,"71":1,"72":1,"73":1,"74":34,"75":34,"76":1,"77":34,"78":2,"79":34,"80":34,"81":34,"82":0,"83":34,"84":34,"85":34,"86":2,"87":34,"88":25,"89":34,"90":34,"91":34,"92":9,"93":25,"94":34,"95":34,"96":34,"97":25,"98":34,"99":25,"100":25,"101":25,"102":34,"103":9,"104":25,"105":34,"106":9,"107":25,"108":34,"109":34,"110":9,"111":25,"112":84,"113":10},"f":{"0":25,"1":16,"2":3,"3":10,"4":14,"5":12,"6":1,"7":1,"8":2,"9":5,"10":85,"11":227,"12":1,"13":1,"14":2,"15":1,"16":2,"17":2,"18":0,"19":1,"20":2,"21":1,"22":34,"23":34,"24":34,"25":34,"26":34,"27":25,"28":25,"29":25,"30":34,"31":34,"32":34,"33":34,"34":84},"b":{"0":[11,5],"1":[0,14],"2":[0,0],"3":[0,0],"4":[0,14],"5":[0,1],"6":[0,1],"7":[0,1],"8":[1,0],"9":[3,2],"10":[0,1],"11":[0,1],"12":[0,1],"13":[1,1],"14":[1,1],"15":[1,33],"16":[34,1],"17":[2,32],"18":[0,34],"19":[34,1,0],"20":[2,32],"21":[34,32,3,0],"22":[25,9],"23":[11,14],"24":[9,25],"25":[11,14],"26":[25,9],"27":[11,14],"28":[11,14],"29":[11,14],"30":[11,14],"31":[9,25],"32":[11,14],"33":[9,25],"34":[11,14],"35":[0,34],"36":[9,25]}}
,"/Users/lmontero/Documents/GitHub/approvalHistory/approva history lwc/force-app/main/default/lwc/modal/modal.js": {"path":"/Users/lmontero/Documents/GitHub/approvalHistory/approva history lwc/force-app/main/default/lwc/modal/modal.js","statementMap":{"0":{"start":{"line":3,"column":0},"end":{"line":3,"column":6}},"1":{"start":{"line":5,"column":52},"end":{"line":5,"column":null}},"2":{"start":{"line":9,"column":4},"end":{"line":9,"column":27}},"3":{"start":{"line":10,"column":4},"end":{"line":10,"column":null}},"4":{"start":{"line":13,"column":4},"end":{"line":13,"column":11}},"5":{"start":{"line":20,"column":4},"end":{"line":20,"column":null}},"6":{"start":{"line":24,"column":4},"end":{"line":24,"column":null}},"7":{"start":{"line":29,"column":24},"end":{"line":29,"column":null}},"8":{"start":{"line":30,"column":4},"end":{"line":30,"column":null}},"9":{"start":{"line":31,"column":4},"end":{"line":31,"column":null}},"10":{"start":{"line":35,"column":22},"end":{"line":35,"column":null}},"11":{"start":{"line":36,"column":4},"end":{"line":36,"column":51}},"12":{"start":{"line":36,"column":42},"end":{"line":36,"column":51}},"13":{"start":{"line":40,"column":21},"end":{"line":40,"column":null}},"14":{"start":{"line":41,"column":4},"end":{"line":41,"column":48}},"15":{"start":{"line":41,"column":40},"end":{"line":41,"column":48}},"16":{"start":{"line":5,"column":0},"end":{"line":5,"column":15}}},"fnMap":{"0":{"name":"(anonymous_1)","decl":{"start":{"line":5,"column":52},"end":{"line":5,"column":null}},"loc":{"start":{"line":5,"column":52},"end":{"line":5,"column":null}}},"1":{"name":"(anonymous_2)","decl":{"start":{"line":7,"column":2},"end":{"line":7,"column":null}},"loc":{"start":{"line":8,"column":20},"end":{"line":11,"column":null}}},"2":{"name":"(anonymous_3)","decl":{"start":{"line":12,"column":2},"end":{"line":12,"column":15}},"loc":{"start":{"line":12,"column":15},"end":{"line":14,"column":null}}},"3":{"name":"(anonymous_4)","decl":{"start":{"line":19,"column":7},"end":{"line":19,"column":14}},"loc":{"start":{"line":19,"column":14},"end":{"line":21,"column":null}}},"4":{"name":"(anonymous_5)","decl":{"start":{"line":23,"column":7},"end":{"line":23,"column":14}},"loc":{"start":{"line":23,"column":14},"end":{"line":25,"column":null}}},"5":{"name":"(anonymous_6)","decl":{"start":{"line":27,"column":2},"end":{"line":27,"column":19}},"loc":{"start":{"line":27,"column":22},"end":{"line":32,"column":null}}},"6":{"name":"(anonymous_7)","decl":{"start":{"line":34,"column":2},"end":{"line":34,"column":25}},"loc":{"start":{"line":34,"column":28},"end":{"line":37,"column":null}}},"7":{"name":"(anonymous_8)","decl":{"start":{"line":39,"column":2},"end":{"line":39,"column":24}},"loc":{"start":{"line":39,"column":27},"end":{"line":42,"column":null}}}},"branchMap":{"0":{"loc":{"start":{"line":36,"column":4},"end":{"line":36,"column":51}},"type":"if","locations":[{"start":{"line":36,"column":4},"end":{"line":36,"column":51}},{"start":{"line":36,"column":4},"end":{"line":36,"column":51}}]},"1":{"loc":{"start":{"line":36,"column":8},"end":{"line":36,"column":17}},"type":"binary-expr","locations":[{"start":{"line":36,"column":8},"end":{"line":36,"column":17}},{"start":{"line":36,"column":21},"end":{"line":36,"column":8}}]},"2":{"loc":{"start":{"line":41,"column":4},"end":{"line":41,"column":48}},"type":"if","locations":[{"start":{"line":41,"column":4},"end":{"line":41,"column":48}},{"start":{"line":41,"column":4},"end":{"line":41,"column":48}}]},"3":{"loc":{"start":{"line":41,"column":8},"end":{"line":41,"column":16}},"type":"binary-expr","locations":[{"start":{"line":41,"column":8},"end":{"line":41,"column":16}},{"start":{"line":41,"column":20},"end":{"line":41,"column":8}}]}},"s":{"0":6,"1":116,"2":1,"3":1,"4":1,"5":27,"6":23,"7":1,"8":1,"9":1,"10":0,"11":0,"12":0,"13":44,"14":44,"15":23,"16":6},"f":{"0":29,"1":1,"2":1,"3":27,"4":23,"5":1,"6":0,"7":44},"b":{"0":[0,0],"1":[0,0],"2":[23,21],"3":[44,23]}}
,"/Users/lmontero/Documents/GitHub/approvalHistory/approva history lwc/force-app/main/default/lwc/testImplementation/testImplementation.js": {"path":"/Users/lmontero/Documents/GitHub/approvalHistory/approva history lwc/force-app/main/default/lwc/testImplementation/testImplementation.js","statementMap":{"0":{"start":{"line":3,"column":0},"end":{"line":3,"column":15}}},"fnMap":{},"branchMap":{},"s":{"0":0},"f":{},"b":{}}
}
