TN:
SF:/Users/lmontero/Documents/GitHub/approvalHistory/approva history lwc/force-app/main/default/lwc/approvalHistory/approvalHistory.js
FN:62,(anonymous_7)
FN:81,(anonymous_8)
FN:88,(anonymous_9)
FN:96,(anonymous_10)
FN:105,(anonymous_11)
FN:111,(anonymous_12)
FN:118,(anonymous_13)
FN:128,(anonymous_14)
FN:137,(anonymous_15)
FN:141,(anonymous_16)
FN:148,(anonymous_17)
FN:157,(anonymous_18)
FN:162,(anonymous_19)
FN:168,(anonymous_20)
FN:173,(anonymous_21)
FN:178,(anonymous_22)
FN:183,(anonymous_23)
FN:188,(anonymous_24)
FN:196,(anonymous_25)
FN:203,(anonymous_26)
FN:213,(anonymous_27)
FN:225,(anonymous_28)
FN:228,(anonymous_29)
FN:233,(anonymous_30)
FN:241,(anonymous_31)
FN:249,(anonymous_32)
FN:259,(anonymous_33)
FN:270,(anonymous_34)
FN:277,(anonymous_35)
FN:319,(anonymous_36)
FN:321,(anonymous_37)
FN:324,(anonymous_38)
FN:329,(anonymous_39)
FNF:33
FNH:31
FNDA:24,(anonymous_7)
FNDA:2,(anonymous_8)
FNDA:61,(anonymous_9)
FNDA:61,(anonymous_10)
FNDA:85,(anonymous_11)
FNDA:85,(anonymous_12)
FNDA:85,(anonymous_13)
FNDA:85,(anonymous_14)
FNDA:12,(anonymous_15)
FNDA:170,(anonymous_16)
FNDA:48,(anonymous_17)
FNDA:7,(anonymous_18)
FNDA:0,(anonymous_19)
FNDA:4,(anonymous_20)
FNDA:2,(anonymous_21)
FNDA:4,(anonymous_22)
FNDA:5,(anonymous_23)
FNDA:3,(anonymous_24)
FNDA:5,(anonymous_25)
FNDA:3,(anonymous_26)
FNDA:4,(anonymous_27)
FNDA:2,(anonymous_28)
FNDA:1,(anonymous_29)
FNDA:2,(anonymous_30)
FNDA:13,(anonymous_31)
FNDA:7,(anonymous_32)
FNDA:10,(anonymous_33)
FNDA:1,(anonymous_34)
FNDA:20,(anonymous_35)
FNDA:5,(anonymous_36)
FNDA:4,(anonymous_37)
FNDA:3,(anonymous_38)
FNDA:0,(anonymous_39)
DA:7,5
DA:21,5
DA:24,5
DA:25,5
DA:27,5
DA:62,288
DA:82,2
DA:89,61
DA:97,61
DA:106,85
DA:107,28
DA:108,57
DA:112,85
DA:113,28
DA:114,57
DA:119,85
DA:129,85
DA:138,12
DA:142,170
DA:149,48
DA:150,48
DA:151,23
DA:152,25
DA:153,1
DA:158,7
DA:163,0
DA:169,4
DA:170,4
DA:174,2
DA:175,2
DA:179,4
DA:180,4
DA:184,5
DA:185,5
DA:189,3
DA:190,3
DA:197,5
DA:198,5
DA:204,3
DA:205,3
DA:206,2
DA:207,2
DA:209,1
DA:211,1
DA:214,4
DA:215,1
DA:217,1
DA:218,1
DA:219,1
DA:226,2
DA:227,2
DA:229,1
DA:230,1
DA:231,1
DA:234,2
DA:235,1
DA:242,13
DA:243,13
DA:250,7
DA:251,7
DA:252,4
DA:253,4
DA:255,3
DA:257,3
DA:260,10
DA:261,4
DA:263,2
DA:264,2
DA:265,2
DA:271,1
DA:272,1
DA:278,20
DA:280,4
DA:281,4
DA:282,4
DA:284,1
DA:285,1
DA:286,1
DA:288,1
DA:290,2
DA:291,2
DA:292,2
DA:294,2
DA:296,5
DA:297,5
DA:298,5
DA:300,2
DA:301,2
DA:302,2
DA:304,2
DA:306,3
DA:307,3
DA:308,3
DA:310,3
DA:311,3
DA:312,3
DA:314,0
DA:320,5
DA:322,4
DA:325,3
DA:330,0
LF:101
LH:98
BRDA:90,0,0,61
BRDA:90,0,1,25
BRDA:97,1,0,15
BRDA:97,1,1,46
BRDA:97,2,0,61
BRDA:97,2,1,61
BRDA:97,2,2,15
BRDA:106,3,0,28
BRDA:106,3,1,57
BRDA:106,4,0,85
BRDA:106,4,1,28
BRDA:112,5,0,28
BRDA:112,5,1,57
BRDA:112,6,0,85
BRDA:112,6,1,28
BRDA:120,7,0,85
BRDA:120,7,1,81
BRDA:120,7,2,76
BRDA:120,7,3,73
BRDA:130,8,0,85
BRDA:130,8,1,83
BRDA:130,8,2,79
BRDA:142,9,0,4
BRDA:142,9,1,166
BRDA:142,10,0,170
BRDA:142,10,1,122
BRDA:150,11,0,23
BRDA:150,11,1,25
BRDA:152,12,0,1
BRDA:152,12,1,24
BRDA:205,13,0,2
BRDA:205,13,1,1
BRDA:214,14,0,1
BRDA:214,14,1,1
BRDA:251,15,0,4
BRDA:251,15,1,3
BRDA:260,16,0,4
BRDA:260,16,1,2
BRDA:279,17,0,4
BRDA:279,17,1,1
BRDA:279,17,2,2
BRDA:279,17,3,5
BRDA:279,17,4,2
BRDA:279,17,5,3
BRDA:279,17,6,3
BRDA:279,17,7,0
BRDA:284,18,0,1
BRDA:284,18,1,0
BRDA:290,19,0,2
BRDA:290,19,1,0
BRDA:300,20,0,2
BRDA:300,20,1,0
BRF:52
BRH:48
end_of_record
TN:
SF:/Users/lmontero/Documents/GitHub/approvalHistory/approva history lwc/force-app/main/default/lwc/approvalHistory/approvalHistoryUtil.js
FN:169,verifyIfNextApproverWasNeeded
FN:170,(anonymous_1)
FN:176,hideModal
FN:181,showModal
FN:187,getCommentPropertyFromModal
FN:191,showGetNextApproverModal
FN:198,validateUserLookup
FN:210,setSelectedUser
FN:216,clearModalState
FN:225,displayToast
FN:236,displayToastErrorQuery
FN:245,extractErrorMessage
FN:247,(anonymous_12)
FNF:13
FNH:13
FNDA:8,verifyIfNextApproverWasNeeded
FNDA:8,(anonymous_1)
FNDA:21,hideModal
FNDA:23,showModal
FNDA:15,getCommentPropertyFromModal
FNDA:5,showGetNextApproverModal
FNDA:5,validateUserLookup
FNDA:5,setSelectedUser
FNDA:10,clearModalState
FNDA:16,displayToast
FNDA:1,displayToastErrorQuery
FNDA:3,extractErrorMessage
FNDA:3,(anonymous_12)
DA:1,5
DA:2,5
DA:6,5
DA:15,5
DA:165,5
DA:170,8
DA:171,8
DA:172,8
DA:177,21
DA:178,21
DA:182,23
DA:183,23
DA:188,15
DA:192,5
DA:193,5
DA:199,5
DA:200,5
DA:201,0
DA:202,0
DA:204,5
DA:205,5
DA:211,5
DA:217,10
DA:218,10
DA:219,10
DA:220,10
DA:221,10
DA:226,16
DA:233,15
DA:237,1
DA:242,1
DA:246,3
DA:247,3
DA:248,3
DA:250,3
LF:35
LH:33
BRDA:200,0,0,0
BRDA:200,0,1,5
BRDA:228,1,0,3
BRDA:228,1,1,12
BRF:4
BRH:3
end_of_record
TN:
SF:/Users/lmontero/Documents/GitHub/approvalHistory/approva history lwc/force-app/main/default/lwc/lookup/lookup.js
FN:6,(anonymous_1)
FN:26,(anonymous_2)
FN:32,(anonymous_3)
FN:37,(anonymous_4)
FN:43,(anonymous_5)
FN:69,(anonymous_6)
FN:75,(anonymous_7)
FN:101,(anonymous_8)
FN:110,(anonymous_9)
FN:119,(anonymous_10)
FN:126,(anonymous_11)
FN:130,(anonymous_12)
FN:136,(anonymous_13)
FN:144,(anonymous_14)
FN:149,(anonymous_15)
FN:168,(anonymous_16)
FN:176,(anonymous_17)
FN:184,(anonymous_18)
FN:191,(anonymous_19)
FN:197,(anonymous_20)
FN:199,(anonymous_21)
FN:205,(anonymous_22)
FN:214,(anonymous_23)
FN:225,(anonymous_24)
FN:238,(anonymous_25)
FN:254,(anonymous_26)
FN:266,(anonymous_27)
FN:274,(anonymous_28)
FN:281,(anonymous_29)
FN:285,(anonymous_30)
FN:292,(anonymous_31)
FN:299,(anonymous_32)
FN:307,(anonymous_33)
FN:316,(anonymous_34)
FN:323,(anonymous_35)
FNF:35
FNH:34
FNDA:25,(anonymous_1)
FNDA:16,(anonymous_2)
FNDA:3,(anonymous_3)
FNDA:10,(anonymous_4)
FNDA:14,(anonymous_5)
FNDA:12,(anonymous_6)
FNDA:1,(anonymous_7)
FNDA:1,(anonymous_8)
FNDA:2,(anonymous_9)
FNDA:5,(anonymous_10)
FNDA:85,(anonymous_11)
FNDA:227,(anonymous_12)
FNDA:1,(anonymous_13)
FNDA:1,(anonymous_14)
FNDA:2,(anonymous_15)
FNDA:1,(anonymous_16)
FNDA:2,(anonymous_17)
FNDA:2,(anonymous_18)
FNDA:0,(anonymous_19)
FNDA:1,(anonymous_20)
FNDA:2,(anonymous_21)
FNDA:1,(anonymous_22)
FNDA:34,(anonymous_23)
FNDA:34,(anonymous_24)
FNDA:34,(anonymous_25)
FNDA:34,(anonymous_26)
FNDA:34,(anonymous_27)
FNDA:25,(anonymous_28)
FNDA:25,(anonymous_29)
FNDA:25,(anonymous_30)
FNDA:34,(anonymous_31)
FNDA:34,(anonymous_32)
FNDA:34,(anonymous_33)
FNDA:34,(anonymous_34)
FNDA:84,(anonymous_35)
DA:3,10
DA:4,10
DA:6,400
DA:28,16
DA:33,3
DA:39,10
DA:41,10
DA:43,8
DA:45,14
DA:46,0
DA:47,0
DA:50,0
DA:54,14
DA:55,0
DA:56,0
DA:64,14
DA:70,12
DA:76,1
DA:79,1
DA:83,1
DA:84,0
DA:88,1
DA:91,1
DA:92,0
DA:93,0
DA:97,1
DA:98,0
DA:101,1
DA:103,1
DA:105,1
DA:107,1
DA:110,2
DA:113,1
DA:115,1
DA:120,5
DA:121,3
DA:123,2
DA:127,85
DA:131,227
DA:138,1
DA:139,0
DA:141,1
DA:145,1
DA:148,1
DA:149,2
DA:151,1
DA:152,0
DA:154,1
DA:155,1
DA:156,1
DA:157,1
DA:158,1
DA:161,1
DA:162,1
DA:165,1
DA:170,1
DA:171,0
DA:173,1
DA:178,2
DA:179,1
DA:181,1
DA:186,2
DA:187,1
DA:191,1
DA:192,0
DA:193,0
DA:198,1
DA:199,2
DA:200,1
DA:202,1
DA:206,1
DA:207,1
DA:209,1
DA:215,34
DA:216,34
DA:217,1
DA:219,34
DA:220,2
DA:222,34
DA:226,34
DA:228,34
DA:233,0
DA:235,34
DA:239,34
DA:240,34
DA:244,2
DA:246,34
DA:247,25
DA:251,34
DA:255,34
DA:256,34
DA:257,9
DA:259,25
DA:263,34
DA:267,34
DA:268,34
DA:269,25
DA:271,34
DA:275,25
DA:282,25
DA:286,25
DA:293,34
DA:294,9
DA:296,25
DA:300,34
DA:301,9
DA:304,25
DA:308,34
DA:317,34
DA:318,9
DA:320,25
DA:324,84
LF:112
LH:97
BRDA:28,0,0,11
BRDA:28,0,1,5
BRDA:45,1,0,0
BRDA:45,1,1,14
BRDA:48,2,0,0
BRDA:48,2,1,0
BRDA:51,3,0,0
BRDA:51,3,1,0
BRDA:54,4,0,0
BRDA:54,4,1,14
BRDA:83,5,0,0
BRDA:83,5,1,1
BRDA:91,6,0,0
BRDA:91,6,1,1
BRDA:97,7,0,0
BRDA:97,7,1,1
BRDA:103,8,0,1
BRDA:103,8,1,0
BRDA:120,9,0,3
BRDA:120,9,1,2
BRDA:138,10,0,0
BRDA:138,10,1,1
BRDA:151,11,0,0
BRDA:151,11,1,1
BRDA:170,12,0,0
BRDA:170,12,1,1
BRDA:178,13,0,1
BRDA:178,13,1,1
BRDA:186,14,0,1
BRDA:186,14,1,1
BRDA:216,15,0,1
BRDA:216,15,1,33
BRDA:216,16,0,34
BRDA:216,16,1,1
BRDA:219,17,0,2
BRDA:219,17,1,32
BRDA:228,18,0,0
BRDA:228,18,1,34
BRDA:229,19,0,34
BRDA:229,19,1,1
BRDA:229,19,2,0
BRDA:240,20,0,2
BRDA:240,20,1,32
BRDA:241,21,0,34
BRDA:241,21,1,32
BRDA:241,21,2,3
BRDA:241,21,3,0
BRDA:246,22,0,25
BRDA:246,22,1,9
BRDA:249,23,0,11
BRDA:249,23,1,14
BRDA:256,24,0,9
BRDA:256,24,1,25
BRDA:259,25,0,11
BRDA:259,25,1,14
BRDA:268,26,0,25
BRDA:268,26,1,9
BRDA:269,27,0,11
BRDA:269,27,1,14
BRDA:277,28,0,11
BRDA:277,28,1,14
BRDA:282,29,0,11
BRDA:282,29,1,14
BRDA:288,30,0,11
BRDA:288,30,1,14
BRDA:293,31,0,9
BRDA:293,31,1,25
BRDA:296,32,0,11
BRDA:296,32,1,14
BRDA:300,33,0,9
BRDA:300,33,1,25
BRDA:304,34,0,11
BRDA:304,34,1,14
BRDA:311,35,0,0
BRDA:311,35,1,34
BRDA:317,36,0,9
BRDA:317,36,1,25
BRF:77
BRH:60
end_of_record
TN:
SF:/Users/lmontero/Documents/GitHub/approvalHistory/approva history lwc/force-app/main/default/lwc/modal/modal.js
FN:5,(anonymous_1)
FN:7,(anonymous_2)
FN:12,(anonymous_3)
FN:19,(anonymous_4)
FN:23,(anonymous_5)
FN:27,(anonymous_6)
FN:34,(anonymous_7)
FN:39,(anonymous_8)
FNF:8
FNH:7
FNDA:29,(anonymous_1)
FNDA:1,(anonymous_2)
FNDA:1,(anonymous_3)
FNDA:27,(anonymous_4)
FNDA:23,(anonymous_5)
FNDA:1,(anonymous_6)
FNDA:0,(anonymous_7)
FNDA:44,(anonymous_8)
DA:3,6
DA:5,116
DA:9,1
DA:10,1
DA:13,1
DA:20,27
DA:24,23
DA:29,1
DA:30,1
DA:31,1
DA:35,0
DA:36,0
DA:40,44
DA:41,44
LF:14
LH:12
BRDA:36,0,0,0
BRDA:36,0,1,0
BRDA:36,1,0,0
BRDA:36,1,1,0
BRDA:41,2,0,23
BRDA:41,2,1,21
BRDA:41,3,0,44
BRDA:41,3,1,23
BRF:8
BRH:4
end_of_record
TN:
SF:/Users/lmontero/Documents/GitHub/approvalHistory/approva history lwc/force-app/main/default/lwc/testImplementation/testImplementation.js
FNF:0
FNH:0
DA:3,0
LF:1
LH:0
BRF:0
BRH:0
end_of_record
